{"timestamp":"2026-04-20T17:16:28.929","model_name":"UC","name":"StateUpdateEvent","simulation_time":"2020-01-01T00:00:00.0","state_type":"DecisionState"}
{"timestamp":"2026-04-20T17:16:30.1","model_name":"UC","name":"StateUpdateEvent","simulation_time":"2020-01-01T00:00:00.0","state_type":"SystemState"}
{"timestamp":"2026-04-20T17:16:32.484","parameter_type":"ActivePowerTimeSeriesParameter","model_name":"UC","component_type":"PowerLoad","tag":"max_active_power","name":"ParameterUpdateEvent","simulation_time":"2020-01-02T00:00:00.0"}
{"timestamp":"2026-04-20T17:16:32.837","parameter_type":"ActivePowerTimeSeriesParameter","model_name":"UC","component_type":"RenewableDispatch","tag":"max_active_power","name":"ParameterUpdateEvent","simulation_time":"2020-01-02T00:00:00.0"}
{"timestamp":"2026-04-20T17:16:33.07","model_name":"UC","component_type":"ThermalStandard","previous_value":1.0,"name":"InitialConditionUpdateEvent","initial_condition_type":"DeviceStatus","new_value":1.0,"simulation_time":"2020-01-02T00:00:00.0","device_name":"Solitude"}
{"timestamp":"2026-04-20T17:16:33.07","model_name":"UC","component_type":"ThermalStandard","previous_value":1.0,"name":"InitialConditionUpdateEvent","initial_condition_type":"DeviceStatus","new_value":1.0,"simulation_time":"2020-01-02T00:00:00.0","device_name":"Park City"}
{"timestamp":"2026-04-20T17:16:33.07","model_name":"UC","component_type":"ThermalStandard","previous_value":1.0,"name":"InitialConditionUpdateEvent","initial_condition_type":"DeviceStatus","new_value":1.0,"simulation_time":"2020-01-02T00:00:00.0","device_name":"Alta"}
{"timestamp":"2026-04-20T17:16:33.07","model_name":"UC","component_type":"ThermalStandard","previous_value":1.0,"name":"InitialConditionUpdateEvent","initial_condition_type":"DeviceStatus","new_value":1.0,"simulation_time":"2020-01-02T00:00:00.0","device_name":"Brighton"}
{"timestamp":"2026-04-20T17:16:33.07","model_name":"UC","component_type":"ThermalStandard","previous_value":1.0,"name":"InitialConditionUpdateEvent","initial_condition_type":"DeviceStatus","new_value":1.0,"simulation_time":"2020-01-02T00:00:00.0","device_name":"Sundance"}
{"timestamp":"2026-04-20T17:16:33.303","model_name":"UC","component_type":"ThermalStandard","previous_value":0.0,"name":"InitialConditionUpdateEvent","initial_condition_type":"DevicePower","new_value":0.0,"simulation_time":"2020-01-02T00:00:00.0","device_name":"Solitude"}
{"timestamp":"2026-04-20T17:16:33.304","model_name":"UC","component_type":"ThermalStandard","previous_value":0.0,"name":"InitialConditionUpdateEvent","initial_condition_type":"DevicePower","new_value":0.0,"simulation_time":"2020-01-02T00:00:00.0","device_name":"Park City"}
{"timestamp":"2026-04-20T17:16:33.304","model_name":"UC","component_type":"ThermalStandard","previous_value":0.0,"name":"InitialConditionUpdateEvent","initial_condition_type":"DevicePower","new_value":0.0,"simulation_time":"2020-01-02T00:00:00.0","device_name":"Alta"}
{"timestamp":"2026-04-20T17:16:33.304","model_name":"UC","component_type":"ThermalStandard","previous_value":5.328406319226409,"name":"InitialConditionUpdateEvent","initial_condition_type":"DevicePower","new_value":5.328406319226409,"simulation_time":"2020-01-02T00:00:00.0","device_name":"Brighton"}
{"timestamp":"2026-04-20T17:16:33.304","model_name":"UC","component_type":"ThermalStandard","previous_value":0.0,"name":"InitialConditionUpdateEvent","initial_condition_type":"DevicePower","new_value":0.0,"simulation_time":"2020-01-02T00:00:00.0","device_name":"Sundance"}
{"timestamp":"2026-04-20T17:16:33.519","model_name":"UC","component_type":"ThermalStandard","previous_value":10000.0,"name":"InitialConditionUpdateEvent","initial_condition_type":"InitialTimeDurationOn","new_value":10024.0,"simulation_time":"2020-01-02T00:00:00.0","device_name":"Solitude"}
{"timestamp":"2026-04-20T17:16:33.519","model_name":"UC","component_type":"ThermalStandard","previous_value":10000.0,"name":"InitialConditionUpdateEvent","initial_condition_type":"InitialTimeDurationOn","new_value":10024.0,"simulation_time":"2020-01-02T00:00:00.0","device_name":"Park City"}
{"timestamp":"2026-04-20T17:16:33.519","model_name":"UC","component_type":"ThermalStandard","previous_value":10000.0,"name":"InitialConditionUpdateEvent","initial_condition_type":"InitialTimeDurationOn","new_value":10024.0,"simulation_time":"2020-01-02T00:00:00.0","device_name":"Alta"}
{"timestamp":"2026-04-20T17:16:33.519","model_name":"UC","component_type":"ThermalStandard","previous_value":10000.0,"name":"InitialConditionUpdateEvent","initial_condition_type":"InitialTimeDurationOn","new_value":10024.0,"simulation_time":"2020-01-02T00:00:00.0","device_name":"Brighton"}
{"timestamp":"2026-04-20T17:16:33.52","model_name":"UC","component_type":"ThermalStandard","previous_value":10000.0,"name":"InitialConditionUpdateEvent","initial_condition_type":"InitialTimeDurationOn","new_value":10024.0,"simulation_time":"2020-01-02T00:00:00.0","device_name":"Sundance"}
{"timestamp":"2026-04-20T17:16:33.719","model_name":"UC","component_type":"ThermalStandard","previous_value":0.0,"name":"InitialConditionUpdateEvent","initial_condition_type":"InitialTimeDurationOff","new_value":0.0,"simulation_time":"2020-01-02T00:00:00.0","device_name":"Solitude"}
{"timestamp":"2026-04-20T17:16:33.719","model_name":"UC","component_type":"ThermalStandard","previous_value":0.0,"name":"InitialConditionUpdateEvent","initial_condition_type":"InitialTimeDurationOff","new_value":0.0,"simulation_time":"2020-01-02T00:00:00.0","device_name":"Park City"}
{"timestamp":"2026-04-20T17:16:33.719","model_name":"UC","component_type":"ThermalStandard","previous_value":0.0,"name":"InitialConditionUpdateEvent","initial_condition_type":"InitialTimeDurationOff","new_value":0.0,"simulation_time":"2020-01-02T00:00:00.0","device_name":"Alta"}
{"timestamp":"2026-04-20T17:16:33.719","model_name":"UC","component_type":"ThermalStandard","previous_value":0.0,"name":"InitialConditionUpdateEvent","initial_condition_type":"InitialTimeDurationOff","new_value":0.0,"simulation_time":"2020-01-02T00:00:00.0","device_name":"Brighton"}
{"timestamp":"2026-04-20T17:16:33.719","model_name":"UC","component_type":"ThermalStandard","previous_value":0.0,"name":"InitialConditionUpdateEvent","initial_condition_type":"InitialTimeDurationOff","new_value":0.0,"simulation_time":"2020-01-02T00:00:00.0","device_name":"Sundance"}
{"timestamp":"2026-04-20T17:16:33.806","model_name":"UC","name":"StateUpdateEvent","simulation_time":"2020-01-02T00:00:00.0","state_type":"DecisionState"}
{"timestamp":"2026-04-20T17:16:33.807","model_name":"UC","name":"StateUpdateEvent","simulation_time":"2020-01-02T00:00:00.0","state_type":"SystemState"}
{"timestamp":"2026-04-20T17:16:33.832","parameter_type":"ActivePowerTimeSeriesParameter","model_name":"UC","component_type":"PowerLoad","tag":"max_active_power","name":"ParameterUpdateEvent","simulation_time":"2020-01-03T00:00:00.0"}
{"timestamp":"2026-04-20T17:16:33.832","parameter_type":"ActivePowerTimeSeriesParameter","model_name":"UC","component_type":"RenewableDispatch","tag":"max_active_power","name":"ParameterUpdateEvent","simulation_time":"2020-01-03T00:00:00.0"}
{"timestamp":"2026-04-20T17:16:33.832","model_name":"UC","component_type":"ThermalStandard","previous_value":1.0,"name":"InitialConditionUpdateEvent","initial_condition_type":"DeviceStatus","new_value":1.0,"simulation_time":"2020-01-03T00:00:00.0","device_name":"Solitude"}
{"timestamp":"2026-04-20T17:16:33.832","model_name":"UC","component_type":"ThermalStandard","previous_value":1.0,"name":"InitialConditionUpdateEvent","initial_condition_type":"DeviceStatus","new_value":1.0,"simulation_time":"2020-01-03T00:00:00.0","device_name":"Park City"}
{"timestamp":"2026-04-20T17:16:33.832","model_name":"UC","component_type":"ThermalStandard","previous_value":1.0,"name":"InitialConditionUpdateEvent","initial_condition_type":"DeviceStatus","new_value":1.0,"simulation_time":"2020-01-03T00:00:00.0","device_name":"Alta"}
{"timestamp":"2026-04-20T17:16:33.832","model_name":"UC","component_type":"ThermalStandard","previous_value":1.0,"name":"InitialConditionUpdateEvent","initial_condition_type":"DeviceStatus","new_value":1.0,"simulation_time":"2020-01-03T00:00:00.0","device_name":"Brighton"}
{"timestamp":"2026-04-20T17:16:33.832","model_name":"UC","component_type":"ThermalStandard","previous_value":1.0,"name":"InitialConditionUpdateEvent","initial_condition_type":"DeviceStatus","new_value":1.0,"simulation_time":"2020-01-03T00:00:00.0","device_name":"Sundance"}
{"timestamp":"2026-04-20T17:16:33.832","model_name":"UC","component_type":"ThermalStandard","previous_value":0.0,"name":"InitialConditionUpdateEvent","initial_condition_type":"DevicePower","new_value":-0.0,"simulation_time":"2020-01-03T00:00:00.0","device_name":"Solitude"}
{"timestamp":"2026-04-20T17:16:33.832","model_name":"UC","component_type":"ThermalStandard","previous_value":0.0,"name":"InitialConditionUpdateEvent","initial_condition_type":"DevicePower","new_value":-0.0,"simulation_time":"2020-01-03T00:00:00.0","device_name":"Park City"}
{"timestamp":"2026-04-20T17:16:33.832","model_name":"UC","component_type":"ThermalStandard","previous_value":0.0,"name":"InitialConditionUpdateEvent","initial_condition_type":"DevicePower","new_value":-0.0,"simulation_time":"2020-01-03T00:00:00.0","device_name":"Alta"}
{"timestamp":"2026-04-20T17:16:33.832","model_name":"UC","component_type":"ThermalStandard","previous_value":5.328406319226409,"name":"InitialConditionUpdateEvent","initial_condition_type":"DevicePower","new_value":5.328406319226409,"simulation_time":"2020-01-03T00:00:00.0","device_name":"Brighton"}
{"timestamp":"2026-04-20T17:16:33.832","model_name":"UC","component_type":"ThermalStandard","previous_value":0.0,"name":"InitialConditionUpdateEvent","initial_condition_type":"DevicePower","new_value":-0.0,"simulation_time":"2020-01-03T00:00:00.0","device_name":"Sundance"}
{"timestamp":"2026-04-20T17:16:33.833","model_name":"UC","component_type":"ThermalStandard","previous_value":10024.0,"name":"InitialConditionUpdateEvent","initial_condition_type":"InitialTimeDurationOn","new_value":10048.0,"simulation_time":"2020-01-03T00:00:00.0","device_name":"Solitude"}
{"timestamp":"2026-04-20T17:16:33.833","model_name":"UC","component_type":"ThermalStandard","previous_value":10024.0,"name":"InitialConditionUpdateEvent","initial_condition_type":"InitialTimeDurationOn","new_value":10048.0,"simulation_time":"2020-01-03T00:00:00.0","device_name":"Park City"}
{"timestamp":"2026-04-20T17:16:33.833","model_name":"UC","component_type":"ThermalStandard","previous_value":10024.0,"name":"InitialConditionUpdateEvent","initial_condition_type":"InitialTimeDurationOn","new_value":10048.0,"simulation_time":"2020-01-03T00:00:00.0","device_name":"Alta"}
{"timestamp":"2026-04-20T17:16:33.833","model_name":"UC","component_type":"ThermalStandard","previous_value":10024.0,"name":"InitialConditionUpdateEvent","initial_condition_type":"InitialTimeDurationOn","new_value":10048.0,"simulation_time":"2020-01-03T00:00:00.0","device_name":"Brighton"}
{"timestamp":"2026-04-20T17:16:33.833","model_name":"UC","component_type":"ThermalStandard","previous_value":10024.0,"name":"InitialConditionUpdateEvent","initial_condition_type":"InitialTimeDurationOn","new_value":10048.0,"simulation_time":"2020-01-03T00:00:00.0","device_name":"Sundance"}
{"timestamp":"2026-04-20T17:16:33.833","model_name":"UC","component_type":"ThermalStandard","previous_value":0.0,"name":"InitialConditionUpdateEvent","initial_condition_type":"InitialTimeDurationOff","new_value":0.0,"simulation_time":"2020-01-03T00:00:00.0","device_name":"Solitude"}
{"timestamp":"2026-04-20T17:16:33.833","model_name":"UC","component_type":"ThermalStandard","previous_value":0.0,"name":"InitialConditionUpdateEvent","initial_condition_type":"InitialTimeDurationOff","new_value":0.0,"simulation_time":"2020-01-03T00:00:00.0","device_name":"Park City"}
{"timestamp":"2026-04-20T17:16:33.833","model_name":"UC","component_type":"ThermalStandard","previous_value":0.0,"name":"InitialConditionUpdateEvent","initial_condition_type":"InitialTimeDurationOff","new_value":0.0,"simulation_time":"2020-01-03T00:00:00.0","device_name":"Alta"}
{"timestamp":"2026-04-20T17:16:33.833","model_name":"UC","component_type":"ThermalStandard","previous_value":0.0,"name":"InitialConditionUpdateEvent","initial_condition_type":"InitialTimeDurationOff","new_value":0.0,"simulation_time":"2020-01-03T00:00:00.0","device_name":"Brighton"}
{"timestamp":"2026-04-20T17:16:33.833","model_name":"UC","component_type":"ThermalStandard","previous_value":0.0,"name":"InitialConditionUpdateEvent","initial_condition_type":"InitialTimeDurationOff","new_value":0.0,"simulation_time":"2020-01-03T00:00:00.0","device_name":"Sundance"}
{"timestamp":"2026-04-20T17:16:33.867","model_name":"UC","name":"StateUpdateEvent","simulation_time":"2020-01-03T00:00:00.0","state_type":"DecisionState"}
{"timestamp":"2026-04-20T17:16:33.867","model_name":"UC","name":"StateUpdateEvent","simulation_time":"2020-01-03T00:00:00.0","state_type":"SystemState"}
{"timestamp":"2026-04-20T17:16:33.878","parameter_type":"ActivePowerTimeSeriesParameter","model_name":"UC","component_type":"PowerLoad","tag":"max_active_power","name":"ParameterUpdateEvent","simulation_time":"2020-01-04T00:00:00.0"}
{"timestamp":"2026-04-20T17:16:33.878","parameter_type":"ActivePowerTimeSeriesParameter","model_name":"UC","component_type":"RenewableDispatch","tag":"max_active_power","name":"ParameterUpdateEvent","simulation_time":"2020-01-04T00:00:00.0"}
{"timestamp":"2026-04-20T17:16:33.878","model_name":"UC","component_type":"ThermalStandard","previous_value":1.0,"name":"InitialConditionUpdateEvent","initial_condition_type":"DeviceStatus","new_value":1.0,"simulation_time":"2020-01-04T00:00:00.0","device_name":"Solitude"}
{"timestamp":"2026-04-20T17:16:33.878","model_name":"UC","component_type":"ThermalStandard","previous_value":1.0,"name":"InitialConditionUpdateEvent","initial_condition_type":"DeviceStatus","new_value":1.0,"simulation_time":"2020-01-04T00:00:00.0","device_name":"Park City"}
{"timestamp":"2026-04-20T17:16:33.878","model_name":"UC","component_type":"ThermalStandard","previous_value":1.0,"name":"InitialConditionUpdateEvent","initial_condition_type":"DeviceStatus","new_value":1.0,"simulation_time":"2020-01-04T00:00:00.0","device_name":"Alta"}
{"timestamp":"2026-04-20T17:16:33.878","model_name":"UC","component_type":"ThermalStandard","previous_value":1.0,"name":"InitialConditionUpdateEvent","initial_condition_type":"DeviceStatus","new_value":1.0,"simulation_time":"2020-01-04T00:00:00.0","device_name":"Brighton"}
{"timestamp":"2026-04-20T17:16:33.878","model_name":"UC","component_type":"ThermalStandard","previous_value":1.0,"name":"InitialConditionUpdateEvent","initial_condition_type":"DeviceStatus","new_value":1.0,"simulation_time":"2020-01-04T00:00:00.0","device_name":"Sundance"}
{"timestamp":"2026-04-20T17:16:33.879","model_name":"UC","component_type":"ThermalStandard","previous_value":-0.0,"name":"InitialConditionUpdateEvent","initial_condition_type":"DevicePower","new_value":-0.0,"simulation_time":"2020-01-04T00:00:00.0","device_name":"Solitude"}
{"timestamp":"2026-04-20T17:16:33.879","model_name":"UC","component_type":"ThermalStandard","previous_value":-0.0,"name":"InitialConditionUpdateEvent","initial_condition_type":"DevicePower","new_value":-0.0,"simulation_time":"2020-01-04T00:00:00.0","device_name":"Park City"}
{"timestamp":"2026-04-20T17:16:33.879","model_name":"UC","component_type":"ThermalStandard","previous_value":-0.0,"name":"InitialConditionUpdateEvent","initial_condition_type":"DevicePower","new_value":-0.0,"simulation_time":"2020-01-04T00:00:00.0","device_name":"Alta"}
{"timestamp":"2026-04-20T17:16:33.879","model_name":"UC","component_type":"ThermalStandard","previous_value":5.328406319226409,"name":"InitialConditionUpdateEvent","initial_condition_type":"DevicePower","new_value":5.328406319226409,"simulation_time":"2020-01-04T00:00:00.0","device_name":"Brighton"}
{"timestamp":"2026-04-20T17:16:33.879","model_name":"UC","component_type":"ThermalStandard","previous_value":-0.0,"name":"InitialConditionUpdateEvent","initial_condition_type":"DevicePower","new_value":-0.0,"simulation_time":"2020-01-04T00:00:00.0","device_name":"Sundance"}
{"timestamp":"2026-04-20T17:16:33.879","model_name":"UC","component_type":"ThermalStandard","previous_value":10048.0,"name":"InitialConditionUpdateEvent","initial_condition_type":"InitialTimeDurationOn","new_value":10072.0,"simulation_time":"2020-01-04T00:00:00.0","device_name":"Solitude"}
{"timestamp":"2026-04-20T17:16:33.879","model_name":"UC","component_type":"ThermalStandard","previous_value":10048.0,"name":"InitialConditionUpdateEvent","initial_condition_type":"InitialTimeDurationOn","new_value":10072.0,"simulation_time":"2020-01-04T00:00:00.0","device_name":"Park City"}
{"timestamp":"2026-04-20T17:16:33.879","model_name":"UC","component_type":"ThermalStandard","previous_value":10048.0,"name":"InitialConditionUpdateEvent","initial_condition_type":"InitialTimeDurationOn","new_value":10072.0,"simulation_time":"2020-01-04T00:00:00.0","device_name":"Alta"}
{"timestamp":"2026-04-20T17:16:33.879","model_name":"UC","component_type":"ThermalStandard","previous_value":10048.0,"name":"InitialConditionUpdateEvent","initial_condition_type":"InitialTimeDurationOn","new_value":10072.0,"simulation_time":"2020-01-04T00:00:00.0","device_name":"Brighton"}
{"timestamp":"2026-04-20T17:16:33.879","model_name":"UC","component_type":"ThermalStandard","previous_value":10048.0,"name":"InitialConditionUpdateEvent","initial_condition_type":"InitialTimeDurationOn","new_value":10072.0,"simulation_time":"2020-01-04T00:00:00.0","device_name":"Sundance"}
{"timestamp":"2026-04-20T17:16:33.879","model_name":"UC","component_type":"ThermalStandard","previous_value":0.0,"name":"InitialConditionUpdateEvent","initial_condition_type":"InitialTimeDurationOff","new_value":0.0,"simulation_time":"2020-01-04T00:00:00.0","device_name":"Solitude"}
{"timestamp":"2026-04-20T17:16:33.879","model_name":"UC","component_type":"ThermalStandard","previous_value":0.0,"name":"InitialConditionUpdateEvent","initial_condition_type":"InitialTimeDurationOff","new_value":0.0,"simulation_time":"2020-01-04T00:00:00.0","device_name":"Park City"}
{"timestamp":"2026-04-20T17:16:33.879","model_name":"UC","component_type":"ThermalStandard","previous_value":0.0,"name":"InitialConditionUpdateEvent","initial_condition_type":"InitialTimeDurationOff","new_value":0.0,"simulation_time":"2020-01-04T00:00:00.0","device_name":"Alta"}
{"timestamp":"2026-04-20T17:16:33.879","model_name":"UC","component_type":"ThermalStandard","previous_value":0.0,"name":"InitialConditionUpdateEvent","initial_condition_type":"InitialTimeDurationOff","new_value":0.0,"simulation_time":"2020-01-04T00:00:00.0","device_name":"Brighton"}
{"timestamp":"2026-04-20T17:16:33.879","model_name":"UC","component_type":"ThermalStandard","previous_value":0.0,"name":"InitialConditionUpdateEvent","initial_condition_type":"InitialTimeDurationOff","new_value":0.0,"simulation_time":"2020-01-04T00:00:00.0","device_name":"Sundance"}
{"timestamp":"2026-04-20T17:16:33.914","model_name":"UC","name":"StateUpdateEvent","simulation_time":"2020-01-04T00:00:00.0","state_type":"DecisionState"}
{"timestamp":"2026-04-20T17:16:33.914","model_name":"UC","name":"StateUpdateEvent","simulation_time":"2020-01-04T00:00:00.0","state_type":"SystemState"}
{"timestamp":"2026-04-20T17:16:33.925","parameter_type":"ActivePowerTimeSeriesParameter","model_name":"UC","component_type":"PowerLoad","tag":"max_active_power","name":"ParameterUpdateEvent","simulation_time":"2020-01-05T00:00:00.0"}
{"timestamp":"2026-04-20T17:16:33.925","parameter_type":"ActivePowerTimeSeriesParameter","model_name":"UC","component_type":"RenewableDispatch","tag":"max_active_power","name":"ParameterUpdateEvent","simulation_time":"2020-01-05T00:00:00.0"}
{"timestamp":"2026-04-20T17:16:33.925","model_name":"UC","component_type":"ThermalStandard","previous_value":1.0,"name":"InitialConditionUpdateEvent","initial_condition_type":"DeviceStatus","new_value":1.0,"simulation_time":"2020-01-05T00:00:00.0","device_name":"Solitude"}
{"timestamp":"2026-04-20T17:16:33.925","model_name":"UC","component_type":"ThermalStandard","previous_value":1.0,"name":"InitialConditionUpdateEvent","initial_condition_type":"DeviceStatus","new_value":1.0,"simulation_time":"2020-01-05T00:00:00.0","device_name":"Park City"}
{"timestamp":"2026-04-20T17:16:33.925","model_name":"UC","component_type":"ThermalStandard","previous_value":1.0,"name":"InitialConditionUpdateEvent","initial_condition_type":"DeviceStatus","new_value":1.0,"simulation_time":"2020-01-05T00:00:00.0","device_name":"Alta"}
{"timestamp":"2026-04-20T17:16:33.925","model_name":"UC","component_type":"ThermalStandard","previous_value":1.0,"name":"InitialConditionUpdateEvent","initial_condition_type":"DeviceStatus","new_value":1.0,"simulation_time":"2020-01-05T00:00:00.0","device_name":"Brighton"}
{"timestamp":"2026-04-20T17:16:33.925","model_name":"UC","component_type":"ThermalStandard","previous_value":1.0,"name":"InitialConditionUpdateEvent","initial_condition_type":"DeviceStatus","new_value":1.0,"simulation_time":"2020-01-05T00:00:00.0","device_name":"Sundance"}
{"timestamp":"2026-04-20T17:16:33.925","model_name":"UC","component_type":"ThermalStandard","previous_value":-0.0,"name":"InitialConditionUpdateEvent","initial_condition_type":"DevicePower","new_value":-0.0,"simulation_time":"2020-01-05T00:00:00.0","device_name":"Solitude"}
{"timestamp":"2026-04-20T17:16:33.925","model_name":"UC","component_type":"ThermalStandard","previous_value":-0.0,"name":"InitialConditionUpdateEvent","initial_condition_type":"DevicePower","new_value":-0.0,"simulation_time":"2020-01-05T00:00:00.0","device_name":"Park City"}
{"timestamp":"2026-04-20T17:16:33.925","model_name":"UC","component_type":"ThermalStandard","previous_value":-0.0,"name":"InitialConditionUpdateEvent","initial_condition_type":"DevicePower","new_value":-0.0,"simulation_time":"2020-01-05T00:00:00.0","device_name":"Alta"}
{"timestamp":"2026-04-20T17:16:33.925","model_name":"UC","component_type":"ThermalStandard","previous_value":5.328406319226409,"name":"InitialConditionUpdateEvent","initial_condition_type":"DevicePower","new_value":5.328406319226409,"simulation_time":"2020-01-05T00:00:00.0","device_name":"Brighton"}
{"timestamp":"2026-04-20T17:16:33.925","model_name":"UC","component_type":"ThermalStandard","previous_value":-0.0,"name":"InitialConditionUpdateEvent","initial_condition_type":"DevicePower","new_value":-0.0,"simulation_time":"2020-01-05T00:00:00.0","device_name":"Sundance"}
{"timestamp":"2026-04-20T17:16:33.925","model_name":"UC","component_type":"ThermalStandard","previous_value":10072.0,"name":"InitialConditionUpdateEvent","initial_condition_type":"InitialTimeDurationOn","new_value":10096.0,"simulation_time":"2020-01-05T00:00:00.0","device_name":"Solitude"}
{"timestamp":"2026-04-20T17:16:33.925","model_name":"UC","component_type":"ThermalStandard","previous_value":10072.0,"name":"InitialConditionUpdateEvent","initial_condition_type":"InitialTimeDurationOn","new_value":10096.0,"simulation_time":"2020-01-05T00:00:00.0","device_name":"Park City"}
{"timestamp":"2026-04-20T17:16:33.925","model_name":"UC","component_type":"ThermalStandard","previous_value":10072.0,"name":"InitialConditionUpdateEvent","initial_condition_type":"InitialTimeDurationOn","new_value":10096.0,"simulation_time":"2020-01-05T00:00:00.0","device_name":"Alta"}
{"timestamp":"2026-04-20T17:16:33.925","model_name":"UC","component_type":"ThermalStandard","previous_value":10072.0,"name":"InitialConditionUpdateEvent","initial_condition_type":"InitialTimeDurationOn","new_value":10096.0,"simulation_time":"2020-01-05T00:00:00.0","device_name":"Brighton"}
{"timestamp":"2026-04-20T17:16:33.925","model_name":"UC","component_type":"ThermalStandard","previous_value":10072.0,"name":"InitialConditionUpdateEvent","initial_condition_type":"InitialTimeDurationOn","new_value":10096.0,"simulation_time":"2020-01-05T00:00:00.0","device_name":"Sundance"}
{"timestamp":"2026-04-20T17:16:33.925","model_name":"UC","component_type":"ThermalStandard","previous_value":0.0,"name":"InitialConditionUpdateEvent","initial_condition_type":"InitialTimeDurationOff","new_value":0.0,"simulation_time":"2020-01-05T00:00:00.0","device_name":"Solitude"}
{"timestamp":"2026-04-20T17:16:33.925","model_name":"UC","component_type":"ThermalStandard","previous_value":0.0,"name":"InitialConditionUpdateEvent","initial_condition_type":"InitialTimeDurationOff","new_value":0.0,"simulation_time":"2020-01-05T00:00:00.0","device_name":"Park City"}
{"timestamp":"2026-04-20T17:16:33.925","model_name":"UC","component_type":"ThermalStandard","previous_value":0.0,"name":"InitialConditionUpdateEvent","initial_condition_type":"InitialTimeDurationOff","new_value":0.0,"simulation_time":"2020-01-05T00:00:00.0","device_name":"Alta"}
{"timestamp":"2026-04-20T17:16:33.925","model_name":"UC","component_type":"ThermalStandard","previous_value":0.0,"name":"InitialConditionUpdateEvent","initial_condition_type":"InitialTimeDurationOff","new_value":0.0,"simulation_time":"2020-01-05T00:00:00.0","device_name":"Brighton"}
{"timestamp":"2026-04-20T17:16:33.925","model_name":"UC","component_type":"ThermalStandard","previous_value":0.0,"name":"InitialConditionUpdateEvent","initial_condition_type":"InitialTimeDurationOff","new_value":0.0,"simulation_time":"2020-01-05T00:00:00.0","device_name":"Sundance"}
{"timestamp":"2026-04-20T17:16:33.959","model_name":"UC","name":"StateUpdateEvent","simulation_time":"2020-01-05T00:00:00.0","state_type":"DecisionState"}
{"timestamp":"2026-04-20T17:16:33.96","model_name":"UC","name":"StateUpdateEvent","simulation_time":"2020-01-05T00:00:00.0","state_type":"SystemState"}
{"timestamp":"2026-04-20T17:16:33.974","parameter_type":"ActivePowerTimeSeriesParameter","model_name":"UC","component_type":"PowerLoad","tag":"max_active_power","name":"ParameterUpdateEvent","simulation_time":"2020-01-06T00:00:00.0"}
{"timestamp":"2026-04-20T17:16:33.974","parameter_type":"ActivePowerTimeSeriesParameter","model_name":"UC","component_type":"RenewableDispatch","tag":"max_active_power","name":"ParameterUpdateEvent","simulation_time":"2020-01-06T00:00:00.0"}
{"timestamp":"2026-04-20T17:16:33.975","model_name":"UC","component_type":"ThermalStandard","previous_value":1.0,"name":"InitialConditionUpdateEvent","initial_condition_type":"DeviceStatus","new_value":1.0,"simulation_time":"2020-01-06T00:00:00.0","device_name":"Solitude"}
{"timestamp":"2026-04-20T17:16:33.975","model_name":"UC","component_type":"ThermalStandard","previous_value":1.0,"name":"InitialConditionUpdateEvent","initial_condition_type":"DeviceStatus","new_value":1.0,"simulation_time":"2020-01-06T00:00:00.0","device_name":"Park City"}
{"timestamp":"2026-04-20T17:16:33.975","model_name":"UC","component_type":"ThermalStandard","previous_value":1.0,"name":"InitialConditionUpdateEvent","initial_condition_type":"DeviceStatus","new_value":1.0,"simulation_time":"2020-01-06T00:00:00.0","device_name":"Alta"}
{"timestamp":"2026-04-20T17:16:33.975","model_name":"UC","component_type":"ThermalStandard","previous_value":1.0,"name":"InitialConditionUpdateEvent","initial_condition_type":"DeviceStatus","new_value":1.0,"simulation_time":"2020-01-06T00:00:00.0","device_name":"Brighton"}
{"timestamp":"2026-04-20T17:16:33.975","model_name":"UC","component_type":"ThermalStandard","previous_value":1.0,"name":"InitialConditionUpdateEvent","initial_condition_type":"DeviceStatus","new_value":1.0,"simulation_time":"2020-01-06T00:00:00.0","device_name":"Sundance"}
{"timestamp":"2026-04-20T17:16:33.975","model_name":"UC","component_type":"ThermalStandard","previous_value":-0.0,"name":"InitialConditionUpdateEvent","initial_condition_type":"DevicePower","new_value":-0.0,"simulation_time":"2020-01-06T00:00:00.0","device_name":"Solitude"}
{"timestamp":"2026-04-20T17:16:33.975","model_name":"UC","component_type":"ThermalStandard","previous_value":-0.0,"name":"InitialConditionUpdateEvent","initial_condition_type":"DevicePower","new_value":-0.0,"simulation_time":"2020-01-06T00:00:00.0","device_name":"Park City"}
{"timestamp":"2026-04-20T17:16:33.975","model_name":"UC","component_type":"ThermalStandard","previous_value":-0.0,"name":"InitialConditionUpdateEvent","initial_condition_type":"DevicePower","new_value":-0.0,"simulation_time":"2020-01-06T00:00:00.0","device_name":"Alta"}
{"timestamp":"2026-04-20T17:16:33.975","model_name":"UC","component_type":"ThermalStandard","previous_value":5.328406319226409,"name":"InitialConditionUpdateEvent","initial_condition_type":"DevicePower","new_value":5.328406319226409,"simulation_time":"2020-01-06T00:00:00.0","device_name":"Brighton"}
{"timestamp":"2026-04-20T17:16:33.975","model_name":"UC","component_type":"ThermalStandard","previous_value":-0.0,"name":"InitialConditionUpdateEvent","initial_condition_type":"DevicePower","new_value":-0.0,"simulation_time":"2020-01-06T00:00:00.0","device_name":"Sundance"}
{"timestamp":"2026-04-20T17:16:33.975","model_name":"UC","component_type":"ThermalStandard","previous_value":10096.0,"name":"InitialConditionUpdateEvent","initial_condition_type":"InitialTimeDurationOn","new_value":10120.0,"simulation_time":"2020-01-06T00:00:00.0","device_name":"Solitude"}
{"timestamp":"2026-04-20T17:16:33.975","model_name":"UC","component_type":"ThermalStandard","previous_value":10096.0,"name":"InitialConditionUpdateEvent","initial_condition_type":"InitialTimeDurationOn","new_value":10120.0,"simulation_time":"2020-01-06T00:00:00.0","device_name":"Park City"}
{"timestamp":"2026-04-20T17:16:33.975","model_name":"UC","component_type":"ThermalStandard","previous_value":10096.0,"name":"InitialConditionUpdateEvent","initial_condition_type":"InitialTimeDurationOn","new_value":10120.0,"simulation_time":"2020-01-06T00:00:00.0","device_name":"Alta"}
{"timestamp":"2026-04-20T17:16:33.975","model_name":"UC","component_type":"ThermalStandard","previous_value":10096.0,"name":"InitialConditionUpdateEvent","initial_condition_type":"InitialTimeDurationOn","new_value":10120.0,"simulation_time":"2020-01-06T00:00:00.0","device_name":"Brighton"}
{"timestamp":"2026-04-20T17:16:33.975","model_name":"UC","component_type":"ThermalStandard","previous_value":10096.0,"name":"InitialConditionUpdateEvent","initial_condition_type":"InitialTimeDurationOn","new_value":10120.0,"simulation_time":"2020-01-06T00:00:00.0","device_name":"Sundance"}
{"timestamp":"2026-04-20T17:16:33.975","model_name":"UC","component_type":"ThermalStandard","previous_value":0.0,"name":"InitialConditionUpdateEvent","initial_condition_type":"InitialTimeDurationOff","new_value":0.0,"simulation_time":"2020-01-06T00:00:00.0","device_name":"Solitude"}
{"timestamp":"2026-04-20T17:16:33.975","model_name":"UC","component_type":"ThermalStandard","previous_value":0.0,"name":"InitialConditionUpdateEvent","initial_condition_type":"InitialTimeDurationOff","new_value":0.0,"simulation_time":"2020-01-06T00:00:00.0","device_name":"Park City"}
{"timestamp":"2026-04-20T17:16:33.975","model_name":"UC","component_type":"ThermalStandard","previous_value":0.0,"name":"InitialConditionUpdateEvent","initial_condition_type":"InitialTimeDurationOff","new_value":0.0,"simulation_time":"2020-01-06T00:00:00.0","device_name":"Alta"}
{"timestamp":"2026-04-20T17:16:33.975","model_name":"UC","component_type":"ThermalStandard","previous_value":0.0,"name":"InitialConditionUpdateEvent","initial_condition_type":"InitialTimeDurationOff","new_value":0.0,"simulation_time":"2020-01-06T00:00:00.0","device_name":"Brighton"}
{"timestamp":"2026-04-20T17:16:33.975","model_name":"UC","component_type":"ThermalStandard","previous_value":0.0,"name":"InitialConditionUpdateEvent","initial_condition_type":"InitialTimeDurationOff","new_value":0.0,"simulation_time":"2020-01-06T00:00:00.0","device_name":"Sundance"}
{"timestamp":"2026-04-20T17:16:34.009","model_name":"UC","name":"StateUpdateEvent","simulation_time":"2020-01-06T00:00:00.0","state_type":"DecisionState"}
{"timestamp":"2026-04-20T17:16:34.01","model_name":"UC","name":"StateUpdateEvent","simulation_time":"2020-01-06T00:00:00.0","state_type":"SystemState"}
